<?xml version="1.0" encoding="UTF-8"?>
<!-- Generated by org.testng.reporters.JUnitReportReporter -->
<testsuite hostname="sunny-PC" failures="0" tests="3" name="TestNG.NG" time="0.013" errors="0" timestamp="2022-05-11T15:13:13 IST" skipped="0">
  <testcase classname="TestNG.NG" name="testA" time="0.001"/>
  <system-out/>
  <testcase classname="TestNG.NG" name="testa" time="0.001"/>
  <system-out/>
  <testcase classname="TestNG.NG" name="testa" time="0.011"/>
  <system-out/>
</testsuite> <!-- TestNG.NG -->
